2025-09-21 21:26:26,498 - INFO - Fetching: https://smartbuy-me.com
2025-09-21 21:26:29,167 - INFO - Found category: Promotions -> https://smartbuy-me.com/collections/promotions
2025-09-21 21:26:29,167 - INFO - Found category: Stoves & Ovens -> https://smartbuy-me.com/collections/stoves-ovens
2025-09-21 21:26:29,167 - INFO - Found category: Hardware & Tools -> https://smartbuy-me.com/collections/hardware-tools
2025-09-21 21:26:29,168 - INFO - Found category: Household Products -> https://smartbuy-me.com/collections/non-electronics
2025-09-21 21:26:29,168 - INFO - Found category: APPLE -> https://smartbuy-me.com/collections/apple
2025-09-21 21:26:29,170 - INFO - Fetching: https://smartbuy-me.com/collections/promotions
2025-09-21 21:26:31,521 - INFO - Found product: https://smartbuy-me.com/products/samsung-front-load-washing-machine-a-11kg-1400rpm-14programmes-black
2025-09-21 21:26:31,521 - INFO - Found product: https://smartbuy-me.com/products/samsung-front-load-washing-machine-a-14programmes-9kg-grey
2025-09-21 21:26:31,522 - INFO - Found product: https://smartbuy-me.com/products/xia0701st0392
2025-09-21 21:26:31,522 - INFO - Fetching: https://smartbuy-me.com/products/samsung-front-load-washing-machine-a-11kg-1400rpm-14programmes-black
2025-09-21 21:26:34,087 - INFO - Scraped product: Samsung Front Load Washing Machine A+++, 11KG, 1400Rpm, 14Programmes, Black
2025-09-21 21:26:34,111 - INFO - New product saved: Samsung Front Load Washing Machine A+++, 11KG, 1400Rpm, 14Programmes, Black
2025-09-21 21:26:34,111 - INFO - Fetching: https://smartbuy-me.com/products/samsung-front-load-washing-machine-a-14programmes-9kg-grey
2025-09-21 21:26:36,871 - INFO - Scraped product: Samsung Front Load Washing Machine A++, 14Programmes, 9KG, Grey
2025-09-21 21:26:36,874 - INFO - New product saved: Samsung Front Load Washing Machine A++, 14Programmes, 9KG, Grey
2025-09-21 21:26:36,875 - INFO - Fetching: https://smartbuy-me.com/products/xia0701st0392
2025-09-21 21:26:39,351 - INFO - Scraped product: Xiaomi Redmi 15C 4G, 4GB & 256GB, 6.9Inch, Blue
2025-09-21 21:26:39,352 - INFO - New product saved: Xiaomi Redmi 15C 4G, 4GB & 256GB, 6.9Inch, Blue
2025-09-21 21:26:39,353 - INFO - Fetching: https://smartbuy-me.com/collections/stoves-ovens
2025-09-21 21:26:41,806 - INFO - Found product: https://smartbuy-me.com/products/sda0109st0009
2025-09-21 21:26:41,807 - INFO - Found product: https://smartbuy-me.com/products/sda0109st0003
2025-09-21 21:26:41,807 - INFO - Found product: https://smartbuy-me.com/products/zhr0609st0054
2025-09-21 21:26:41,807 - INFO - Fetching: https://smartbuy-me.com/products/sda0109st0009
2025-09-21 21:26:44,284 - INFO - Scraped product: Samix Cooker Free Stand Modern Mirror, 5Burners, Black
2025-09-21 21:26:44,286 - INFO - New product saved: Samix Cooker Free Stand Modern Mirror, 5Burners, Black
2025-09-21 21:26:44,286 - INFO - Fetching: https://smartbuy-me.com/products/sda0109st0003
2025-09-21 21:26:46,775 - INFO - Scraped product: Unionaire Gas Cooker, 5Burners, Stainless Steel
2025-09-21 21:26:46,777 - INFO - New product saved: Unionaire Gas Cooker, 5Burners, Stainless Steel
2025-09-21 21:26:46,777 - INFO - Fetching: https://smartbuy-me.com/products/zhr0609st0054
2025-09-21 21:26:49,191 - INFO - Scraped product: Lacucina Gas Cookers 90X60 Cm / Full Safety  / Stainless/ Made In Italy
2025-09-21 21:26:49,193 - INFO - New product saved: Lacucina Gas Cookers 90X60 Cm / Full Safety  / Stainless/ Made In Italy
2025-09-21 21:26:49,194 - INFO - Logged scraping session for SmartBuy Jordan
