2025-09-21 19:06:48,875 - INFO - Fetching: https://leaders.jo/en/
2025-09-21 19:07:03,601 - INFO - Found category: SAMSUNG -> https://leaders.jo/en/brand/samsung/
2025-09-21 19:07:03,602 - INFO - Found category: APPLE -> https://leaders.jo/en/brand/apple/
2025-09-21 19:07:03,603 - INFO - Fetching: https://leaders.jo/en/brand/samsung/
2025-09-21 19:07:16,965 - INFO - Found product: https://leaders.jo/en/product-category/all-products/electronics/mobiles/
2025-09-21 19:07:16,966 - INFO - Found product: https://leaders.jo/en/product-category/all-products/kitchen-appliances/
2025-09-21 19:07:16,967 - INFO - Found product: https://leaders.jo/en/product-category/all-products/home-appliance/tv-and-video-screens/tv-screens/
2025-09-21 19:07:16,969 - INFO - Fetching: https://leaders.jo/en/product-category/all-products/electronics/mobiles/
2025-09-21 19:07:30,522 - INFO - Scraped product: Mobiles
2025-09-21 20:34:25,361 - INFO - Fetching: https://leaders.jo/en/
2025-09-21 20:34:40,145 - INFO - Found category: SAMSUNG -> https://leaders.jo/en/brand/samsung/
2025-09-21 20:34:40,146 - INFO - Found category: APPLE -> https://leaders.jo/en/brand/apple/
2025-09-21 20:34:40,148 - INFO - Fetching: https://leaders.jo/en/brand/samsung/
2025-09-21 20:34:53,496 - INFO - Found product: https://leaders.jo/en/product-category/all-products/electronics/mobiles/
2025-09-21 20:34:53,497 - INFO - Found product: https://leaders.jo/en/product-category/all-products/kitchen-appliances/
2025-09-21 20:34:53,497 - INFO - Found product: https://leaders.jo/en/product-category/all-products/home-appliance/tv-and-video-screens/tv-screens/
2025-09-21 20:34:53,500 - INFO - Fetching: https://leaders.jo/en/product-category/all-products/electronics/mobiles/
2025-09-21 20:35:07,420 - INFO - Scraped product: Mobiles
2025-09-21 21:24:45,840 - INFO - Fetching: https://leaders.jo/en/
2025-09-21 21:25:00,459 - INFO - Found additional product: https://leaders.jo/en/product/philips-multi-use-shaver-2/
2025-09-21 21:25:00,460 - INFO - Found additional product: https://leaders.jo/en/product/philips-multi-use-shaver-2/
2025-09-21 21:25:00,460 - INFO - Found additional product: https://leaders.jo/en/product/philips-epilator-with-led-lighting/
2025-09-21 21:25:00,461 - INFO - Fetching: https://leaders.jo/en/product/oppo-reno-14-five-g-512gb-12-ram/
2025-09-21 21:25:13,714 - INFO - Scraped product: Oppo Reno 14 Five G 512GB 12 RAM
2025-09-21 21:25:13,718 - INFO - New product saved: Oppo Reno 14 Five G 512GB 12 RAM
2025-09-21 21:25:13,719 - INFO - Fetching: https://leaders.jo/en/product/reebok-relay-sport-smartwatch/
2025-09-21 21:25:27,025 - INFO - Scraped product: Reebok Relay Sport Smartwatch
2025-09-21 21:25:27,027 - INFO - New product saved: Reebok Relay Sport Smartwatch
2025-09-21 21:25:27,028 - INFO - Fetching: https://leaders.jo/en/product/philips-multi-use-shaver-2/
2025-09-21 21:25:40,713 - INFO - Scraped product: Philips Multi-Use Shaver
2025-09-21 21:25:40,715 - INFO - New product saved: Philips Multi-Use Shaver
2025-09-21 21:25:40,715 - INFO - Already scraped: https://leaders.jo/en/product/philips-multi-use-shaver-2/
2025-09-21 21:25:40,716 - INFO - Fetching: https://leaders.jo/en/product/philips-epilator-with-led-lighting/
2025-09-21 21:25:53,872 - INFO - Scraped product: Philips epilator with LED lighting
2025-09-21 21:25:53,874 - INFO - New product saved: Philips epilator with LED lighting
2025-09-21 21:25:53,876 - INFO - Logged scraping session for Leaders Center Jordan
