2025-09-26 21:54:15,514 - leadersscraper - INFO - Fetching: https://leaders.jo/en/
2025-09-26 21:54:30,761 - leadersscraper - INFO - Found additional product: https://leaders.jo/en/product/philips-multi-use-shaver-2/
2025-09-26 21:54:30,762 - leadersscraper - INFO - Found additional product: https://leaders.jo/en/product/philips-multi-use-shaver-2/
2025-09-26 21:54:30,762 - leadersscraper - INFO - Found additional product: https://leaders.jo/en/product/philips-epilator-with-led-lighting/
2025-09-26 21:54:30,762 - leadersscraper - INFO - Fetching: https://leaders.jo/en/product/oppo-reno-14-five-g-512gb-12-ram/
2025-09-26 21:54:44,924 - leadersscraper - INFO - Scraped product: Oppo Reno 14 Five G 512GB 12 RAM
2025-09-26 21:56:02,506 - leadersscraper - INFO - Fetching: https://leaders.jo/en/
2025-09-26 21:56:17,792 - leadersscraper - INFO - Found additional product: https://leaders.jo/en/product/philips-multi-use-shaver-2/
2025-09-26 21:56:17,792 - leadersscraper - INFO - Found additional product: https://leaders.jo/en/product/philips-multi-use-shaver-2/
2025-09-26 21:56:17,792 - leadersscraper - INFO - Found additional product: https://leaders.jo/en/product/philips-epilator-with-led-lighting/
2025-09-26 21:56:17,792 - leadersscraper - INFO - Fetching: https://leaders.jo/en/product/oppo-reno-14-five-g-512gb-12-ram/
2025-09-26 21:56:31,690 - leadersscraper - INFO - Scraped product: Oppo Reno 14 Five G 512GB 12 RAM
2025-09-26 21:58:43,066 - leadersscraper - INFO - Fetching: https://leaders.jo/en/
2025-09-26 21:58:58,899 - leadersscraper - INFO - Found additional product: https://leaders.jo/en/product/philips-multi-use-shaver-2/
2025-09-26 21:58:58,899 - leadersscraper - INFO - Found additional product: https://leaders.jo/en/product/philips-multi-use-shaver-2/
2025-09-26 21:58:58,899 - leadersscraper - INFO - Found additional product: https://leaders.jo/en/product/philips-epilator-with-led-lighting/
2025-09-26 21:58:58,899 - leadersscraper - INFO - Fetching: https://leaders.jo/en/product/oppo-reno-14-five-g-512gb-12-ram/
2025-09-26 21:59:12,496 - leadersscraper - INFO - Scraped product: Oppo Reno 14 Five G 512GB 12 RAM
2025-09-26 21:59:12,498 - leadersscraper - INFO - Fetching: https://leaders.jo/en/product/reebok-relay-sport-smartwatch/
2025-09-26 21:59:26,353 - leadersscraper - INFO - Scraped product: Reebok Relay Sport Smartwatch
2025-09-26 21:59:26,356 - leadersscraper - INFO - Fetching: https://leaders.jo/en/product/philips-multi-use-shaver-2/
2025-09-26 21:59:39,729 - leadersscraper - INFO - Scraped product: Philips Multi-Use Shaver
2025-09-26 21:59:39,733 - leadersscraper - INFO - Already scraped: https://leaders.jo/en/product/philips-multi-use-shaver-2/
2025-09-26 21:59:39,733 - leadersscraper - INFO - Fetching: https://leaders.jo/en/product/philips-epilator-with-led-lighting/
2025-09-26 22:05:37,343 - leadersscraper - INFO - Fetching: https://leaders.jo/en/
2025-09-26 22:05:45,308 - leadersscraper - INFO - Found additional product: https://leaders.jo/en/product/philips-multi-use-shaver-2/
2025-09-26 22:05:45,308 - leadersscraper - INFO - Fetching: https://leaders.jo/en/product/oppo-reno-14-five-g-512gb-12-ram/
2025-09-26 22:05:51,747 - leadersscraper - INFO - Scraped product: Oppo Reno 14 Five G 512GB 12 RAM
2025-09-26 22:05:51,748 - leadersscraper - INFO - Fetching: https://leaders.jo/en/product/philips-multi-use-shaver-2/
2025-09-26 22:05:58,199 - leadersscraper - INFO - Scraped product: Philips Multi-Use Shaver
